<?xml version="1.0" encoding="UTF-8"?>
<!-- Generated by org.testng.reporters.JUnitReportReporter -->
<testsuite name="tests.choTotTestSuite.ChoTotLogin003" tests="1" time="24.380" ignored="4" failures="0" timestamp="18 Nov 2018 21:15:31 GMT" skipped="0" hostname="HoangNgocPC" errors="0">
  <testcase name="ChoTotLogin_003" time="24.380" classname="tests.choTotTestSuite.ChoTotLogin003"/>
  <testcase name="beforeSuite" classname="pageCommon.TestBase">
    <skipped/>
  </testcase> <!-- beforeSuite -->
  <testcase name="beforeSuite" classname="pageCommon.TestBase">
    <skipped/>
  </testcase> <!-- beforeSuite -->
  <testcase name="beforeSuite" classname="pageCommon.TestBase">
    <skipped/>
  </testcase> <!-- beforeSuite -->
  <testcase name="beforeSuite" classname="pageCommon.TestBase">
    <skipped/>
  </testcase> <!-- beforeSuite -->
</testsuite> <!-- tests.choTotTestSuite.ChoTotLogin003 -->
