<?xml version="1.0" encoding="UTF-8"?>
<!-- Generated by org.testng.reporters.JUnitReportReporter -->
<testsuite name="tests.choTotTestSuite.ChoTotLogin006" tests="1" time="26.014" ignored="5" failures="0" timestamp="18 Nov 2018 20:59:51 GMT" skipped="0" hostname="HoangNgocPC" errors="0">
  <testcase name="ChoTotLogin_006" time="26.014" classname="tests.choTotTestSuite.ChoTotLogin006"/>
  <testcase name="beforeSuite" classname="pageCommon.TestBase">
    <skipped/>
  </testcase> <!-- beforeSuite -->
  <testcase name="beforeSuite" classname="pageCommon.TestBase">
    <skipped/>
  </testcase> <!-- beforeSuite -->
  <testcase name="beforeSuite" classname="pageCommon.TestBase">
    <skipped/>
  </testcase> <!-- beforeSuite -->
  <testcase name="beforeSuite" classname="pageCommon.TestBase">
    <skipped/>
  </testcase> <!-- beforeSuite -->
  <testcase name="beforeSuite" classname="pageCommon.TestBase">
    <skipped/>
  </testcase> <!-- beforeSuite -->
</testsuite> <!-- tests.choTotTestSuite.ChoTotLogin006 -->
