<?xml version="1.0" encoding="UTF-8"?>
<!-- Generated by org.testng.reporters.JUnitReportReporter -->
<testsuite skipped="0" hostname="HoangNgocPC" name="tests.TestSuite.Login001" tests="1" failures="0" timestamp="2020-06-19T15:41:03 ICT" time="92.915" errors="0">
  <testcase name="ChoTotLogin_001" time="92.915" classname="tests.TestSuite.Login001"/>
  <system-out>
TC Name :  Verify login successful when enter a valid loginID and password values Step 1: Navigate to homepage and go to the Login function Step 2: Login on the website Step 2.1: Click on Login Link: Step 2.2: Enter a valid username Step 2.3: Enter a valid password Step 2.4: Click on [Sign in] button Step 3: Click on People Setting icon Step 4.1: Click on Add People menu Step 4.2: Add the 1st user into list Step 4.3: Add the 2nd user into list Step 4.4: Add the 3rd user into list Step 4.5: Click on Add People button Step 5: Verify Congratulation display <img class='report-img' height='150' width='150' data-featherlight='file:///Z:\Test\Test1/test-output/WebCaptures06_2020\06_19_2020\ScreenShotsSmoke\tests.TestSuite.Login001.jpg' src='file:///Z:\Test\Test1/test-output/WebCaptures06_2020\06_19_2020\ScreenShotsSmoke\tests.TestSuite.Login001.jpg'>  </system-out>
</testsuite> <!-- tests.TestSuite.Login001 -->
